#
# A fatal error has been detected by the Java Runtime Environment:
#
#  SIGSEGV (0xb) at pc=0x00007f3482473ce1, pid=23893, tid=139863403230976
#
# JRE version: Java(TM) SE Runtime Environment (7.0_45-b18) (build 1.7.0_45-b18)
# Java VM: Java HotSpot(TM) 64-Bit Server VM (24.45-b08 mixed mode linux-amd64 compressed oops)
# Problematic frame:
# V  [libjvm.so+0x5bbce1]  oopDesc::size_given_klass(Klass*)+0x31
#
# Failed to write core dump. Core dumps have been disabled. To enable core dumping, try "ulimit -c unlimited" before starting Java again
#
# If you would like to submit a bug report, please visit:
#   http://bugreport.sun.com/bugreport/crash.jsp
#

---------------  T H R E A D  ---------------

Current thread (0x0000000001e57800):  GCTaskThread [stack: 0x00007f347c677000,0x00007f347c778000] [id=24013]

siginfo:si_signo=SIGSEGV: si_errno=0, si_code=1 (SEGV_MAPERR), si_addr=0x00000000000000a8

Registers:
RAX=0x0000000000000000, RBX=0x000000078311e558, RCX=0x0000000000000000, RDX=0x000000077b2d72a0
RSP=0x00007f347c776880, RBP=0x00007f347c776880, RSI=0x000000078311e588, RDI=0x000000077b2d72a0
R8 =0x0002000000000000, R9 =0x0000000000000106, R10=0x0000000000000005, R11=0x00007f3482cefa60
R12=0x00007f3482cf3ac0, R13=0x000000078311e588, R14=0x0000000000000005, R15=0x0000000001e984d0
RIP=0x00007f3482473ce1, EFLAGS=0x0000000000010246, CSGSFS=0x0000000000000033, ERR=0x0000000000000004
  TRAPNO=0x000000000000000e

Top of Stack: (sp=0x00007f347c776880)
0x00007f347c776880:   00007f347c7768f0 00007f348246b72b
0x00007f347c776890:   000000078311e548 000000077b0d4780
0x00007f347c7768a0:   000000077b0d4788 000000078311e55c
0x00007f347c7768b0:   00007f347c776930 0000000001e98510
0x00007f347c7768c0:   00007f347c776930 0000000001e984d0
0x00007f347c7768d0:   00007f3482cefa60 00007f3482ce5e58
0x00007f347c7768e0:   0000000001e984d0 0000000001e984e0
0x00007f347c7768f0:   00007f347c7769e0 00007f348271f3ec
0x00007f347c776900:   00007f347c776970 00007f347c776950
0x00007f347c776910:   00007f347c776960 00007f347c776940
0x00007f347c776920:   00007f347c776980 00007f347c776990
0x00007f347c776930:   0000000001e98510 0000000001e98590
0x00007f347c776940:   0000000000000000 00007f3400000000
0x00007f347c776950:   00007f347c7769c0 00007f34845f9e18
0x00007f347c776960:   0000000000000000 0000000001e58f50
0x00007f347c776970:   0000000001e57800 0000000000000c00
0x00007f347c776980:   0000000000000000 0000000000000000
0x00007f347c776990:   000014cf00000300 0000000001fab000
0x00007f347c7769a0:   000014d000000301 0000000000000001
0x00007f347c7769b0:   00007f347c7769f0 00007f347c776a30
0x00007f347c7769c0:   0000000001b012c0 0000000001e581f0
0x00007f347c7769d0:   0000000001e984d0 0000000001e59b70
0x00007f347c7769e0:   00007f347c776a80 00007f3482706dce
0x00007f347c7769f0:   00007f347c776a40 0000000001e58200
0x00007f347c776a00:   0000000001e585d8 00000000000003d8
0x00007f347c776a10:   00007f3482c9e730 0000000000000000
0x00007f347c776a20:   00007f347c776a30 00007f348268d701
0x00007f347c776a30:   00007f3482ca7090 0000000001e59b00
0x00007f347c776a40:   0000000000000000 0000000001e984d0
0x00007f347c776a50:   00007f347c776a80 0000000001e59b70
0x00007f347c776a60:   0000000001e57800 0000000000000001
0x00007f347c776a70:   0000000001b012c0 00007f34828bae0e 

Instructions: (pc=0x00007f3482473ce1)
0x00007f3482473cc1:   01 75 14 89 c8 c9 c1 f8 03 c3 0f 1f 44 00 00 75
0x00007f3482473cd1:   1e 66 0f 1f 44 00 00 48 8b 02 48 89 fe 48 89 d7
0x00007f3482473ce1:   4c 8b 98 a8 00 00 00 c9 41 ff e3 0f 1f 40 00 48
0x00007f3482473cf1:   8b 05 69 ca 83 00 80 38 01 48 8b 05 17 fd 83 00 

Register to memory mapping:

RAX=0x0000000000000000 is an unknown value
RBX=0x000000078311e558 is pointing into object: 0x000000078311e548
ros.pkg.geometry_msgs.msg.Transform 
 - klass: 'ros/pkg/geometry_msgs/msg/Transform'
RCX=0x0000000000000000 is an unknown value
RDX=
[error occurred during error reporting (printing register info), id 0xb]

Stack: [0x00007f347c677000,0x00007f347c778000],  sp=0x00007f347c776880,  free space=1022k
Native frames: (J=compiled Java code, j=interpreted, Vv=VM code, C=native code)
V  [libjvm.so+0x5bbce1]  oopDesc::size_given_klass(Klass*)+0x31
V  [libjvm.so+0x5b372b]  instanceKlass::oop_follow_contents(ParCompactionManager*, oopDesc*)+0x2eb
V  [libjvm.so+0x8673ec]  ParCompactionManager::follow_marking_stacks()+0x1ec
V  [libjvm.so+0x84edce]  ThreadRootsMarkingTask::do_it(GCTaskManager*, unsigned int)+0xde
V  [libjvm.so+0x550f8f]  GCTaskThread::run()+0x12f
V  [libjvm.so+0x815288]  java_start(Thread*)+0x108


---------------  P R O C E S S  ---------------

Java Threads: ( => current thread )
  0x00007f343c008800 JavaThread "Thread-1" [_thread_in_native, id=24023, stack(0x00007f344401b000,0x00007f344481c000)]
  0x0000000001fab000 JavaThread "Thread-0" [_thread_blocked, id=24034, stack(0x00007f343a6fc000,0x00007f343a7fd000)]
  0x0000000001ec3800 JavaThread "Service Thread" daemon [_thread_blocked, id=24020, stack(0x00007f347664c000,0x00007f347674d000)]
  0x0000000001ec1800 JavaThread "C2 CompilerThread1" daemon [_thread_blocked, id=24019, stack(0x00007f347674d000,0x00007f347684e000)]
  0x0000000001ebe800 JavaThread "C2 CompilerThread0" daemon [_thread_blocked, id=24018, stack(0x00007f347684e000,0x00007f347694f000)]
  0x0000000001ebc800 JavaThread "Signal Dispatcher" daemon [_thread_blocked, id=24017, stack(0x00007f347694f000,0x00007f3476a50000)]
  0x0000000001ea0000 JavaThread "Finalizer" daemon [_thread_blocked, id=24016, stack(0x00007f3476a50000,0x00007f3476b51000)]
  0x0000000001e9c000 JavaThread "Reference Handler" daemon [_thread_blocked, id=24015, stack(0x00007f3476b51000,0x00007f3476c52000)]
  0x0000000001e42000 JavaThread "main" [_thread_in_native, id=23893, stack(0x00007fff3f778000,0x00007fff3f878000)]

Other Threads:
  0x0000000001e9a000 VMThread [stack: 0x00007f3476c52000,0x00007f3476d53000] [id=24014]
  0x0000000001ede000 WatcherThread [stack: 0x00007f347654b000,0x00007f347664c000] [id=24021]

=>0x0000000001e57800 (exited) GCTaskThread [stack: 0x00007f347c677000,0x00007f347c778000] [id=24013]

VM state:at safepoint (normal execution)

VM Mutex/Monitor currently owned by a thread:  ([mutex/lock_event])
[0x0000000001aae300] Threads_lock - owner thread: 0x0000000001e9a000
[0x00000000016d14a0] Heap_lock - owner thread: 0x0000000001fab000

Heap
 PSYoungGen      total 40960K, used 21504K [0x00000007d5500000, 0x00000007d9e80000, 0x0000000800000000)
  eden space 19456K, 0% used [0x00000007d5500000,0x00000007d5500000,0x00000007d6800000)
  from space 21504K, 100% used [0x00000007d8100000,0x00000007d9600000,0x00000007d9600000)
  to   space 25600K, 0% used [0x00000007d6800000,0x00000007d6800000,0x00000007d8100000)
 ParOldGen       total 70656K, used 61535K [0x0000000780000000, 0x0000000784500000, 0x00000007d5500000)
  object space 70656K, 87% used [0x0000000780000000,0x0000000783c17db0,0x0000000784500000)
 PSPermGen       total 21504K, used 4521K [0x000000077ae00000, 0x000000077c300000, 0x0000000780000000)
  object space 21504K, 21% used [0x000000077ae00000,0x000000077b26a630,0x000000077c300000)

Card table byte_map: [0x00007f347cd26000,0x00007f347d150000] byte_map_base: 0x00007f347914f000

Polling page: 0x00007f3485af3000

Code Cache  [0x00007f347d150000, 0x00007f347d3c0000, 0x00007f3480150000)
 total_blobs=343 nmethods=111 adapters=186 free_code_cache=48584Kb largest_free_block=49724864

Compilation events (10 events):
Event: 40,158 Thread 0x0000000001ebe800 nmethod 106 0x00007f347d1d90d0 code [0x00007f347d1d9200, 0x00007f347d1d9278]
Event: 40,162 Thread 0x0000000001ec1800 nmethod 107 0x00007f347d1d8b90 code [0x00007f347d1d8d00, 0x00007f347d1d8f18]
Event: 46,332 Thread 0x0000000001ebe800  108             java.nio.ByteBuffer::order (48 bytes)
Event: 46,332 Thread 0x0000000001ebe800 nmethod 108 0x00007f347d1d8950 code [0x00007f347d1d8a80, 0x00007f347d1d8b18]
Event: 47,333 Thread 0x0000000001ec1800  109             java.util.ArrayList$Itr::<init> (6 bytes)
Event: 47,334 Thread 0x0000000001ec1800 nmethod 109 0x00007f347d1e1090 code [0x00007f347d1e11c0, 0x00007f347d1e1258]
Event: 47,334 Thread 0x0000000001ebe800  110             java.util.ArrayList$Itr::<init> (26 bytes)
Event: 47,334 Thread 0x0000000001ebe800 nmethod 110 0x00007f347d1e0e10 code [0x00007f347d1e0f40, 0x00007f347d1e0fd8]
Event: 84,156 Thread 0x0000000001ebe800  111             java.util.ArrayList::iterator (10 bytes)
Event: 84,157 Thread 0x0000000001ebe800 nmethod 111 0x00007f347d1e0b50 code [0x00007f347d1e0ca0, 0x00007f347d1e0d78]

GC Heap History (10 events):
Event: 52,821 GC heap after
Heap after GC invocations=5 (full 1):
 PSYoungGen      total 17920K, used 2560K [0x00000007d5500000, 0x00000007d6c80000, 0x0000000800000000)
  eden space 15360K, 0% used [0x00000007d5500000,0x00000007d5500000,0x00000007d6400000)
  from space 2560K, 100% used [0x00000007d6680000,0x00000007d6900000,0x00000007d6900000)
  to   space 2560K, 0% used [0x00000007d6400000,0x00000007d6400000,0x00000007d6680000)
 ParOldGen       total 70656K, used 38127K [0x0000000780000000, 0x0000000784500000, 0x00000007d5500000)
  object space 70656K, 53% used [0x0000000780000000,0x000000078253bdb0,0x0000000784500000)
 PSPermGen       total 21504K, used 4520K [0x000000077ae00000, 0x000000077c300000, 0x0000000780000000)
  object space 21504K, 21% used [0x000000077ae00000,0x000000077b26a348,0x000000077c300000)
}
Event: 65,706 GC heap before
{Heap before GC invocations=6 (full 1):
 PSYoungGen      total 17920K, used 17920K [0x00000007d5500000, 0x00000007d6c80000, 0x0000000800000000)
  eden space 15360K, 100% used [0x00000007d5500000,0x00000007d6400000,0x00000007d6400000)
  from space 2560K, 100% used [0x00000007d6680000,0x00000007d6900000,0x00000007d6900000)
  to   space 2560K, 0% used [0x00000007d6400000,0x00000007d6400000,0x00000007d6680000)
 ParOldGen       total 70656K, used 38127K [0x0000000780000000, 0x0000000784500000, 0x00000007d5500000)
  object space 70656K, 53% used [0x0000000780000000,0x000000078253bdb0,0x0000000784500000)
 PSPermGen       total 21504K, used 4521K [0x000000077ae00000, 0x000000077c300000, 0x0000000780000000)
  object space 21504K, 21% used [0x000000077ae00000,0x000000077b26a630,0x000000077c300000)
Event: 65,738 GC heap after
Heap after GC invocations=6 (full 1):
 PSYoungGen      total 17920K, used 2560K [0x00000007d5500000, 0x00000007d8680000, 0x0000000800000000)
  eden space 15360K, 0% used [0x00000007d5500000,0x00000007d5500000,0x00000007d6400000)
  from space 2560K, 100% used [0x00000007d6400000,0x00000007d6680000,0x00000007d6680000)
  to   space 15872K, 0% used [0x00000007d7700000,0x00000007d7700000,0x00000007d8680000)
 ParOldGen       total 70656K, used 49103K [0x0000000780000000, 0x0000000784500000, 0x00000007d5500000)
  object space 70656K, 69% used [0x0000000780000000,0x0000000782ff3db0,0x0000000784500000)
 PSPermGen       total 21504K, used 4521K [0x000000077ae00000, 0x000000077c300000, 0x0000000780000000)
  object space 21504K, 21% used [0x000000077ae00000,0x000000077b26a630,0x000000077c300000)
}
Event: 78,347 GC heap before
{Heap before GC invocations=7 (full 1):
 PSYoungGen      total 17920K, used 17920K [0x00000007d5500000, 0x00000007d8680000, 0x0000000800000000)
  eden space 15360K, 100% used [0x00000007d5500000,0x00000007d6400000,0x00000007d6400000)
  from space 2560K, 100% used [0x00000007d6400000,0x00000007d6680000,0x00000007d6680000)
  to   space 15872K, 0% used [0x00000007d7700000,0x00000007d7700000,0x00000007d8680000)
 ParOldGen       total 70656K, used 49103K [0x0000000780000000, 0x0000000784500000, 0x00000007d5500000)
  object space 70656K, 69% used [0x0000000780000000,0x0000000782ff3db0,0x0000000784500000)
 PSPermGen       total 21504K, used 4521K [0x000000077ae00000, 0x000000077c300000, 0x0000000780000000)
  object space 21504K, 21% used [0x000000077ae00000,0x000000077b26a630,0x000000077c300000)
Event: 78,371 GC heap after
Heap after GC invocations=7 (full 1):
 PSYoungGen      total 34816K, used 13248K [0x00000007d5500000, 0x00000007d8680000, 0x0000000800000000)
  eden space 18944K, 0% used [0x00000007d5500000,0x00000007d5500000,0x00000007d6780000)
  from space 15872K, 83% used [0x00000007d7700000,0x00000007d83f0000,0x00000007d8680000)
  to   space 15872K, 0% used [0x00000007d6780000,0x00000007d6780000,0x00000007d7700000)
 ParOldGen       total 70656K, used 49103K [0x0000000780000000, 0x0000000784500000, 0x00000007d5500000)
  object space 70656K, 69% used [0x0000000780000000,0x0000000782ff3db0,0x0000000784500000)
 PSPermGen       total 21504K, used 4521K [0x000000077ae00000, 0x000000077c300000, 0x0000000780000000)
  object space 21504K, 21% used [0x000000077ae00000,0x000000077b26a630,0x000000077c300000)
}
Event: 92,320 GC heap before
{Heap before GC invocations=8 (full 1):
 PSYoungGen      total 34816K, used 32192K [0x00000007d5500000, 0x00000007d8680000, 0x0000000800000000)
  eden space 18944K, 100% used [0x00000007d5500000,0x00000007d6780000,0x00000007d6780000)
  from space 15872K, 83% used [0x00000007d7700000,0x00000007d83f0000,0x00000007d8680000)
  to   space 15872K, 0% used [0x00000007d6780000,0x00000007d6780000,0x00000007d7700000)
 ParOldGen       total 70656K, used 49103K [0x0000000780000000, 0x0000000784500000, 0x00000007d5500000)
  object space 70656K, 69% used [0x0000000780000000,0x0000000782ff3db0,0x0000000784500000)
 PSPermGen       total 21504K, used 4521K [0x000000077ae00000, 0x000000077c300000, 0x0000000780000000)
  object space 21504K, 21% used [0x000000077ae00000,0x000000077b26a630,0x000000077c300000)
Event: 92,368 GC heap after
Heap after GC invocations=8 (full 1):
 PSYoungGen      total 34816K, used 15872K [0x00000007d5500000, 0x00000007d9600000, 0x0000000800000000)
  eden space 18944K, 0% used [0x00000007d5500000,0x00000007d5500000,0x00000007d6780000)
  from space 15872K, 100% used [0x00000007d6780000,0x00000007d7700000,0x00000007d7700000)
  to   space 21504K, 0% used [0x00000007d8100000,0x00000007d8100000,0x00000007d9600000)
 ParOldGen       total 70656K, used 57935K [0x0000000780000000, 0x0000000784500000, 0x00000007d5500000)
  object space 70656K, 81% used [0x0000000780000000,0x0000000783893db0,0x0000000784500000)
 PSPermGen       total 21504K, used 4521K [0x000000077ae00000, 0x000000077c300000, 0x0000000780000000)
  object space 21504K, 21% used [0x000000077ae00000,0x000000077b26a630,0x000000077c300000)
}
Event: 106,252 GC heap before
{Heap before GC invocations=9 (full 1):
 PSYoungGen      total 34816K, used 34816K [0x00000007d5500000, 0x00000007d9600000, 0x0000000800000000)
  eden space 18944K, 100% used [0x00000007d5500000,0x00000007d6780000,0x00000007d6780000)
  from space 15872K, 100% used [0x00000007d6780000,0x00000007d7700000,0x00000007d7700000)
  to   space 21504K, 0% used [0x00000007d8100000,0x00000007d8100000,0x00000007d9600000)
 ParOldGen       total 70656K, used 57935K [0x0000000780000000, 0x0000000784500000, 0x00000007d5500000)
  object space 70656K, 81% used [0x0000000780000000,0x0000000783893db0,0x0000000784500000)
 PSPermGen       total 21504K, used 4521K [0x000000077ae00000, 0x000000077c300000, 0x0000000780000000)
  object space 21504K, 21% used [0x000000077ae00000,0x000000077b26a630,0x000000077c300000)
Event: 106,308 GC heap after
Heap after GC invocations=9 (full 1):
 PSYoungGen      total 40960K, used 21504K [0x00000007d5500000, 0x00000007d9e80000, 0x0000000800000000)
  eden space 19456K, 0% used [0x00000007d5500000,0x00000007d5500000,0x00000007d6800000)
  from space 21504K, 100% used [0x00000007d8100000,0x00000007d9600000,0x00000007d9600000)
  to   space 25600K, 0% used [0x00000007d6800000,0x00000007d6800000,0x00000007d8100000)
 ParOldGen       total 70656K, used 61535K [0x0000000780000000, 0x0000000784500000, 0x00000007d5500000)
  object space 70656K, 87% used [0x0000000780000000,0x0000000783c17db0,0x0000000784500000)
 PSPermGen       total 21504K, used 4521K [0x000000077ae00000, 0x000000077c300000, 0x0000000780000000)
  object space 21504K, 21% used [0x000000077ae00000,0x000000077b26a630,0x000000077c300000)
}
Event: 106,308 GC heap before
{Heap before GC invocations=10 (full 2):
 PSYoungGen      total 40960K, used 21504K [0x00000007d5500000, 0x00000007d9e80000, 0x0000000800000000)
  eden space 19456K, 0% used [0x00000007d5500000,0x00000007d5500000,0x00000007d6800000)
  from space 21504K, 100% used [0x00000007d8100000,0x00000007d9600000,0x00000007d9600000)
  to   space 25600K, 0% used [0x00000007d6800000,0x00000007d6800000,0x00000007d8100000)
 ParOldGen       total 70656K, used 61535K [0x0000000780000000, 0x0000000784500000, 0x00000007d5500000)
  object space 70656K, 87% used [0x0000000780000000,0x0000000783c17db0,0x0000000784500000)
 PSPermGen       total 21504K, used 4521K [0x000000077ae00000, 0x000000077c300000, 0x0000000780000000)
  object space 21504K, 21% used [0x000000077ae00000,0x000000077b26a630,0x000000077c300000)

Deoptimization events (1 events):
Event: 11,960 Thread 0x0000000001fab000 Uncommon trap: reason=unreached action=reinterpret pc=0x00007f347d1d8620 method=java.util.TreeMap.rotateLeft(Ljava/util/TreeMap$Entry;)V @ 63

Internal exceptions (10 events):
Event: 1,759 Thread 0x0000000001fab000 Threw 0x00000007d576d150 at /HUDSON/workspace/7u-2-build-linux-amd64/jdk7u45/229/hotspot/src/share/vm/prims/jvm.cpp:1244
Event: 1,814 Thread 0x0000000001fab000 Threw 0x00000007d5773420 at /HUDSON/workspace/7u-2-build-linux-amd64/jdk7u45/229/hotspot/src/share/vm/prims/jvm.cpp:1244
Event: 1,816 Thread 0x0000000001fab000 Threw 0x00000007d577b288 at /HUDSON/workspace/7u-2-build-linux-amd64/jdk7u45/229/hotspot/src/share/vm/prims/jvm.cpp:1244
Event: 1,818 Thread 0x0000000001fab000 Threw 0x00000007d5781840 at /HUDSON/workspace/7u-2-build-linux-amd64/jdk7u45/229/hotspot/src/share/vm/prims/jvm.cpp:1244
Event: 1,829 Thread 0x0000000001fab000 Threw 0x00000007d5789b60 at /HUDSON/workspace/7u-2-build-linux-amd64/jdk7u45/229/hotspot/src/share/vm/prims/jvm.cpp:1244
Event: 1,845 Thread 0x0000000001fab000 Threw 0x00000007d5792210 at /HUDSON/workspace/7u-2-build-linux-amd64/jdk7u45/229/hotspot/src/share/vm/prims/jvm.cpp:1244
Event: 1,852 Thread 0x0000000001fab000 Threw 0x00000007d579a680 at /HUDSON/workspace/7u-2-build-linux-amd64/jdk7u45/229/hotspot/src/share/vm/prims/jvm.cpp:1244
Event: 1,860 Thread 0x0000000001fab000 Threw 0x00000007d57a48d0 at /HUDSON/workspace/7u-2-build-linux-amd64/jdk7u45/229/hotspot/src/share/vm/prims/jvm.cpp:1244
Event: 4,145 Thread 0x0000000001e42000 Threw 0x00000007d566a208 at /HUDSON/workspace/7u-2-build-linux-amd64/jdk7u45/229/hotspot/src/share/vm/prims/jvm.cpp:1244
Event: 4,156 Thread 0x0000000001e42000 Threw 0x00000007d566e018 at /HUDSON/workspace/7u-2-build-linux-amd64/jdk7u45/229/hotspot/src/share/vm/prims/jvm.cpp:1244

Events (10 events):
Event: 47,333 loading class 0x00007f3477f90ae0 done
Event: 52,791 Executing VM operation: ParallelGCFailedAllocation
Event: 52,821 Executing VM operation: ParallelGCFailedAllocation done
Event: 65,706 Executing VM operation: ParallelGCFailedAllocation
Event: 65,739 Executing VM operation: ParallelGCFailedAllocation done
Event: 78,347 Executing VM operation: ParallelGCFailedAllocation
Event: 78,371 Executing VM operation: ParallelGCFailedAllocation done
Event: 92,320 Executing VM operation: ParallelGCFailedAllocation
Event: 92,368 Executing VM operation: ParallelGCFailedAllocation done
Event: 106,252 Executing VM operation: ParallelGCFailedAllocation


Dynamic libraries:
00400000-004e2000 r-xp 00000000 08:04 144487                             /usr/lib/swi-prolog/bin/amd64/swipl
006e2000-006f2000 r--p 000e2000 08:04 144487                             /usr/lib/swi-prolog/bin/amd64/swipl
006f2000-006f5000 rw-p 000f2000 08:04 144487                             /usr/lib/swi-prolog/bin/amd64/swipl
006f5000-006f9000 rw-p 00000000 00:00 0 
0163a000-01fd5000 rw-p 00000000 00:00 0                                  [heap]
77ae00000-77c300000 rw-p 00000000 00:00 0 
77c300000-780000000 rw-p 00000000 00:00 0 
780000000-784500000 rw-p 00000000 00:00 0 
784500000-7d5500000 rw-p 00000000 00:00 0 
7d5500000-7d9e80000 rw-p 00000000 00:00 0 
7d9e80000-800000000 rw-p 00000000 00:00 0 
7f3424000000-7f342406e000 rw-p 00000000 00:00 0 
7f342406e000-7f3428000000 ---p 00000000 00:00 0 
7f342c000000-7f342c021000 rw-p 00000000 00:00 0 
7f342c021000-7f3430000000 ---p 00000000 00:00 0 
7f3430000000-7f3430021000 rw-p 00000000 00:00 0 
7f3430021000-7f3434000000 ---p 00000000 00:00 0 
7f3434000000-7f3434021000 rw-p 00000000 00:00 0 
7f3434021000-7f3438000000 ---p 00000000 00:00 0 
7f343a4b7000-7f343a6fc000 rw-p 00000000 00:00 0 
7f343a6fc000-7f343a6ff000 ---p 00000000 00:00 0 
7f343a6ff000-7f343a7fd000 rw-p 00000000 00:00 0                          [stack:24034]
7f343a7fd000-7f343a7fe000 ---p 00000000 00:00 0 
7f343a7fe000-7f343affe000 rw-p 00000000 00:00 0                          [stack:24032]
7f343affe000-7f343afff000 ---p 00000000 00:00 0 
7f343afff000-7f343b7ff000 rw-p 00000000 00:00 0                          [stack:24025]
7f343b7ff000-7f343b800000 ---p 00000000 00:00 0 
7f343b800000-7f343c000000 rw-p 00000000 00:00 0                          [stack:24024]
7f343c000000-7f343c021000 rw-p 00000000 00:00 0 
7f343c021000-7f3440000000 ---p 00000000 00:00 0 
7f3440000000-7f3440021000 rw-p 00000000 00:00 0 
7f3440021000-7f3444000000 ---p 00000000 00:00 0 
7f344401b000-7f344401e000 ---p 00000000 00:00 0 
7f344401e000-7f344481c000 rw-p 00000000 00:00 0                          [stack:24023]
7f344481c000-7f344598b000 r-xp 00000000 08:04 4719098                    /usr/lib/libicudata.so.48.1.1
7f344598b000-7f3445b8a000 ---p 0116f000 08:04 4719098                    /usr/lib/libicudata.so.48.1.1
7f3445b8a000-7f3445b8b000 r--p 0116e000 08:04 4719098                    /usr/lib/libicudata.so.48.1.1
7f3445b8b000-7f3445b8c000 rw-p 0116f000 08:04 4719098                    /usr/lib/libicudata.so.48.1.1
7f3445b8c000-7f3445b90000 r-xp 00000000 08:04 2756431                    /lib/x86_64-linux-gnu/libuuid.so.1.3.0
7f3445b90000-7f3445d8f000 ---p 00004000 08:04 2756431                    /lib/x86_64-linux-gnu/libuuid.so.1.3.0
7f3445d8f000-7f3445d90000 r--p 00003000 08:04 2756431                    /lib/x86_64-linux-gnu/libuuid.so.1.3.0
7f3445d90000-7f3445d91000 rw-p 00004000 08:04 2756431                    /lib/x86_64-linux-gnu/libuuid.so.1.3.0
7f3445d91000-7f3445db8000 r-xp 00000000 08:04 2756342                    /lib/x86_64-linux-gnu/libexpat.so.1.5.2
7f3445db8000-7f3445fb8000 ---p 00027000 08:04 2756342                    /lib/x86_64-linux-gnu/libexpat.so.1.5.2
7f3445fb8000-7f3445fba000 r--p 00027000 08:04 2756342                    /lib/x86_64-linux-gnu/libexpat.so.1.5.2
7f3445fba000-7f3445fbb000 rw-p 00029000 08:04 2756342                    /lib/x86_64-linux-gnu/libexpat.so.1.5.2
7f3445fbb000-7f3445fbd000 r-xp 00000000 08:04 2765608                    /lib/x86_64-linux-gnu/libutil-2.15.so
7f3445fbd000-7f34461bc000 ---p 00002000 08:04 2765608                    /lib/x86_64-linux-gnu/libutil-2.15.so
7f34461bc000-7f34461bd000 r--p 00001000 08:04 2765608                    /lib/x86_64-linux-gnu/libutil-2.15.so
7f34461bd000-7f34461be000 rw-p 00002000 08:04 2765608                    /lib/x86_64-linux-gnu/libutil-2.15.so
7f34461be000-7f34461d4000 r-xp 00000000 08:04 2756435                    /lib/x86_64-linux-gnu/libz.so.1.2.3.4
7f34461d4000-7f34463d3000 ---p 00016000 08:04 2756435                    /lib/x86_64-linux-gnu/libz.so.1.2.3.4
7f34463d3000-7f34463d4000 r--p 00015000 08:04 2756435                    /lib/x86_64-linux-gnu/libz.so.1.2.3.4
7f34463d4000-7f34463d5000 rw-p 00016000 08:04 2756435                    /lib/x86_64-linux-gnu/libz.so.1.2.3.4
7f34463d5000-7f3446586000 r-xp 00000000 08:04 2765160                    /lib/x86_64-linux-gnu/libcrypto.so.1.0.0
7f3446586000-7f3446786000 ---p 001b1000 08:04 2765160                    /lib/x86_64-linux-gnu/libcrypto.so.1.0.0
7f3446786000-7f34467a1000 r--p 001b1000 08:04 2765160                    /lib/x86_64-linux-gnu/libcrypto.so.1.0.0
7f34467a1000-7f34467ac000 rw-p 001cc000 08:04 2765160                    /lib/x86_64-linux-gnu/libcrypto.so.1.0.0
7f34467ac000-7f34467b0000 rw-p 00000000 00:00 0 
7f34467b0000-7f3446804000 r-xp 00000000 08:04 2765162                    /lib/x86_64-linux-gnu/libssl.so.1.0.0
7f3446804000-7f3446a04000 ---p 00054000 08:04 2765162                    /lib/x86_64-linux-gnu/libssl.so.1.0.0
7f3446a04000-7f3446a07000 r--p 00054000 08:04 2765162                    /lib/x86_64-linux-gnu/libssl.so.1.0.0
7f3446a07000-7f3446a0d000 rw-p 00057000 08:04 2765162                    /lib/x86_64-linux-gnu/libssl.so.1.0.0
7f3446a0d000-7f3446a0e000 rw-p 00000000 00:00 0 
7f3446a0e000-7f3446bc9000 r-xp 00000000 08:04 4719100                    /usr/lib/libicui18n.so.48.1.1
7f3446bc9000-7f3446dc8000 ---p 001bb000 08:04 4719100                    /usr/lib/libicui18n.so.48.1.1
7f3446dc8000-7f3446dd4000 r--p 001ba000 08:04 4719100                    /usr/lib/libicui18n.so.48.1.1
7f3446dd4000-7f3446dd6000 rw-p 001c6000 08:04 4719100                    /usr/lib/libicui18n.so.48.1.1
7f3446dd6000-7f3446f2b000 r-xp 00000000 08:04 4719101                    /usr/lib/libicuuc.so.48.1.1
7f3446f2b000-7f344712b000 ---p 00155000 08:04 4719101                    /usr/lib/libicuuc.so.48.1.1
7f344712b000-7f344713b000 r--p 00155000 08:04 4719101                    /usr/lib/libicuuc.so.48.1.1
7f344713b000-7f344713c000 rw-p 00165000 08:04 4719101                    /usr/lib/libicuuc.so.48.1.1
7f344713c000-7f3447140000 rw-p 00000000 00:00 0 
7f3447140000-7f3447178000 r-xp 00000000 08:04 4719416                    /usr/lib/libapr-1.so.0.4.6
7f3447178000-7f3447377000 ---p 00038000 08:04 4719416                    /usr/lib/libapr-1.so.0.4.6
7f3447377000-7f3447378000 r--p 00037000 08:04 4719416                    /usr/lib/libapr-1.so.0.4.6
7f3447378000-7f3447379000 rw-p 00038000 08:04 4719416                    /usr/lib/libapr-1.so.0.4.6
7f3447379000-7f344739a000 r-xp 00000000 08:04 4719435                    /usr/lib/libaprutil-1.so.0.3.12
7f344739a000-7f344759a000 ---p 00021000 08:04 4719435                    /usr/lib/libaprutil-1.so.0.3.12
7f344759a000-7f344759b000 r--p 00021000 08:04 4719435                    /usr/lib/libaprutil-1.so.0.3.12
7f344759b000-7f344759c000 rw-p 00022000 08:04 4719435                    /usr/lib/libaprutil-1.so.0.3.12
7f344759c000-7f344781d000 r-xp 00000000 08:04 4718829                    /usr/lib/libpython2.7.so.1.0
7f344781d000-7f3447a1c000 ---p 00281000 08:04 4718829                    /usr/lib/libpython2.7.so.1.0
7f3447a1c000-7f3447a1e000 r--p 00280000 08:04 4718829                    /usr/lib/libpython2.7.so.1.0
7f3447a1e000-7f3447a87000 rw-p 00282000 08:04 4718829                    /usr/lib/libpython2.7.so.1.0
7f3447a87000-7f3447a99000 rw-p 00000000 00:00 0 
7f3447a99000-7f3447afa000 r-xp 00000000 08:04 4748869                    /usr/lib/libboost_program_options.so.1.46.1
7f3447afa000-7f3447cfa000 ---p 00061000 08:04 4748869                    /usr/lib/libboost_program_options.so.1.46.1
7f3447cfa000-7f3447cfd000 r--p 00061000 08:04 4748869                    /usr/lib/libboost_program_options.so.1.46.1
7f3447cfd000-7f3447cfe000 rw-p 00064000 08:04 4748869                    /usr/lib/libboost_program_options.so.1.46.1
7f3447cfe000-7f3447df9000 r-xp 00000000 08:04 4748545                    /usr/lib/libboost_regex.so.1.46.1
7f3447df9000-7f3447ff8000 ---p 000fb000 08:04 4748545                    /usr/lib/libboost_regex.so.1.46.1
7f3447ff8000-7f3447ffd000 r--p 000fa000 08:04 4748545                    /usr/lib/libboost_regex.so.1.46.1
7f3447ffd000-7f3447fff000 rw-p 000ff000 08:04 4748545                    /usr/lib/libboost_regex.so.1.46.1
7f3447fff000-7f3448000000 rw-p 00000000 00:00 0 
7f3448000000-7f3448371000 rw-p 00000000 00:00 0 
7f3448371000-7f344c000000 ---p 00000000 00:00 0 
7f344c000000-7f344c021000 rw-p 00000000 00:00 0 
7f344c021000-7f3450000000 ---p 00000000 00:00 0 
7f3450000000-7f3450021000 rw-p 00000000 00:00 0 
7f3450021000-7f3454000000 ---p 00000000 00:00 0 
7f3454000000-7f3454242000 rw-p 00000000 00:00 0 
7f3454242000-7f3458000000 ---p 00000000 00:00 0 
7f3458000000-7f3458021000 rw-p 00000000 00:00 0 
7f3458021000-7f345c000000 ---p 00000000 00:00 0 
7f345c000000-7f345c021000 rw-p 00000000 00:00 0 
7f345c021000-7f3460000000 ---p 00000000 00:00 0 
7f3460000000-7f3460021000 rw-p 00000000 00:00 0 
7f3460021000-7f3464000000 ---p 00000000 00:00 0 
7f3464000000-7f3464021000 rw-p 00000000 00:00 0 
7f3464021000-7f3468000000 ---p 00000000 00:00 0 
7f3468000000-7f3468021000 rw-p 00000000 00:00 0 
7f3468021000-7f346c000000 ---p 00000000 00:00 0 
7f346c000000-7f346c021000 rw-p 00000000 00:00 0 
7f346c021000-7f3470000000 ---p 00000000 00:00 0 
7f3470000000-7f3470021000 rw-p 00000000 00:00 0 
7f3470021000-7f3474000000 ---p 00000000 00:00 0 
7f34740d5000-7f34740e9000 r-xp 00000000 08:04 4749107                    /usr/lib/libtinyxml.so.2.6.2
7f34740e9000-7f34742e8000 ---p 00014000 08:04 4749107                    /usr/lib/libtinyxml.so.2.6.2
7f34742e8000-7f34742e9000 r--p 00013000 08:04 4749107                    /usr/lib/libtinyxml.so.2.6.2
7f34742e9000-7f34742ea000 rw-p 00014000 08:04 4749107                    /usr/lib/libtinyxml.so.2.6.2
7f34742ea000-7f3474307000 r-xp 00000000 08:04 4747204                    /usr/lib/libboost_filesystem.so.1.46.1
7f3474307000-7f3474506000 ---p 0001d000 08:04 4747204                    /usr/lib/libboost_filesystem.so.1.46.1
7f3474506000-7f3474507000 r--p 0001c000 08:04 4747204                    /usr/lib/libboost_filesystem.so.1.46.1
7f3474507000-7f3474508000 rw-p 0001d000 08:04 4747204                    /usr/lib/libboost_filesystem.so.1.46.1
7f3474508000-7f347451b000 r-xp 00000000 08:04 4748984                    /usr/lib/libboost_signals.so.1.46.1
7f347451b000-7f347471a000 ---p 00013000 08:04 4748984                    /usr/lib/libboost_signals.so.1.46.1
7f347471a000-7f347471b000 r--p 00012000 08:04 4748984                    /usr/lib/libboost_signals.so.1.46.1
7f347471b000-7f347471c000 rw-p 00013000 08:04 4748984                    /usr/lib/libboost_signals.so.1.46.1
7f347471c000-7f3474738000 r-xp 00000000 08:04 3433139                    /opt/ros/groovy/lib/libxmlrpcpp.so
7f3474738000-7f3474937000 ---p 0001c000 08:04 3433139                    /opt/ros/groovy/lib/libxmlrpcpp.so
7f3474937000-7f3474938000 r--p 0001b000 08:04 3433139                    /opt/ros/groovy/lib/libxmlrpcpp.so
7f3474938000-7f3474939000 rw-p 0001c000 08:04 3433139                    /opt/ros/groovy/lib/libxmlrpcpp.so
7f3474939000-7f347493c000 r-xp 00000000 08:04 4747203                    /usr/lib/libboost_system.so.1.46.1
7f347493c000-7f3474b3b000 ---p 00003000 08:04 4747203                    /usr/lib/libboost_system.so.1.46.1
7f3474b3b000-7f3474b3c000 r--p 00002000 08:04 4747203                    /usr/lib/libboost_system.so.1.46.1
7f3474b3c000-7f3474b3d000 rw-p 00003000 08:04 4747203                    /usr/lib/libboost_system.so.1.46.1
7f3474b3d000-7f3474cf0000 r-xp 00000000 08:04 4749355                    /usr/lib/liblog4cxx.so.10.0.0
7f3474cf0000-7f3474eef000 ---p 001b3000 08:04 4749355                    /usr/lib/liblog4cxx.so.10.0.0
7f3474eef000-7f3474f19000 r--p 001b2000 08:04 4749355                    /usr/lib/liblog4cxx.so.10.0.0
7f3474f19000-7f3474f1a000 rw-p 001dc000 08:04 4749355                    /usr/lib/liblog4cxx.so.10.0.0
7f3474f1a000-7f3474f1c000 rw-p 00000000 00:00 0 
7f3474f1c000-7f3474f31000 r-xp 00000000 08:04 2756345                    /lib/x86_64-linux-gnu/libgcc_s.so.1
7f3474f31000-7f3475130000 ---p 00015000 08:04 2756345                    /lib/x86_64-linux-gnu/libgcc_s.so.1
7f3475130000-7f3475131000 r--p 00014000 08:04 2756345                    /lib/x86_64-linux-gnu/libgcc_s.so.1
7f3475131000-7f3475132000 rw-p 00015000 08:04 2756345                    /lib/x86_64-linux-gnu/libgcc_s.so.1
7f3475132000-7f3475214000 r-xp 00000000 08:04 4726731                    /usr/lib/x86_64-linux-gnu/libstdc++.so.6.0.16
7f3475214000-7f3475413000 ---p 000e2000 08:04 4726731                    /usr/lib/x86_64-linux-gnu/libstdc++.so.6.0.16
7f3475413000-7f347541b000 r--p 000e1000 08:04 4726731                    /usr/lib/x86_64-linux-gnu/libstdc++.so.6.0.16
7f347541b000-7f347541d000 rw-p 000e9000 08:04 4726731                    /usr/lib/x86_64-linux-gnu/libstdc++.so.6.0.16
7f347541d000-7f3475432000 rw-p 00000000 00:00 0 
7f3475432000-7f3475449000 r-xp 00000000 08:04 4744264                    /usr/lib/libboost_thread.so.1.46.1
7f3475449000-7f3475648000 ---p 00017000 08:04 4744264                    /usr/lib/libboost_thread.so.1.46.1
7f3475648000-7f347564a000 r--p 00016000 08:04 4744264                    /usr/lib/libboost_thread.so.1.46.1
7f347564a000-7f347564b000 rw-p 00018000 08:04 4744264                    /usr/lib/libboost_thread.so.1.46.1
7f3475657000-7f347565e000 rw-p 00000000 00:00 0 
7f347566c000-7f3475691000 r-xp 00000000 08:04 3433033                    /opt/ros/groovy/lib/librostime.so
7f3475691000-7f3475891000 ---p 00025000 08:04 3433033                    /opt/ros/groovy/lib/librostime.so
7f3475891000-7f3475893000 r--p 00025000 08:04 3433033                    /opt/ros/groovy/lib/librostime.so
7f3475893000-7f3475894000 rw-p 00027000 08:04 3433033                    /opt/ros/groovy/lib/librostime.so
7f3475894000-7f3475896000 r-xp 00000000 08:04 3433057                    /opt/ros/groovy/lib/libroscpp_serialization.so
7f3475896000-7f3475a95000 ---p 00002000 08:04 3433057                    /opt/ros/groovy/lib/libroscpp_serialization.so
7f3475a95000-7f3475a96000 r--p 00001000 08:04 3433057                    /opt/ros/groovy/lib/libroscpp_serialization.so
7f3475a96000-7f3475a97000 rw-p 00002000 08:04 3433057                    /opt/ros/groovy/lib/libroscpp_serialization.so
7f3475a97000-7f3475adb000 r-xp 00000000 08:04 3433103                    /opt/ros/groovy/lib/librospack.so
7f3475adb000-7f3475cdb000 ---p 00044000 08:04 3433103                    /opt/ros/groovy/lib/librospack.so
7f3475cdb000-7f3475cdc000 r--p 00044000 08:04 3433103                    /opt/ros/groovy/lib/librospack.so
7f3475cdc000-7f3475cdd000 rw-p 00045000 08:04 3433103                    /opt/ros/groovy/lib/librospack.so
7f3475cdd000-7f3475d0a000 r-xp 00000000 08:04 3433133                    /opt/ros/groovy/lib/librosconsole.so
7f3475d0a000-7f3475f09000 ---p 0002d000 08:04 3433133                    /opt/ros/groovy/lib/librosconsole.so
7f3475f09000-7f3475f0c000 r--p 0002c000 08:04 3433133                    /opt/ros/groovy/lib/librosconsole.so
7f3475f0c000-7f3475f0d000 rw-p 0002f000 08:04 3433133                    /opt/ros/groovy/lib/librosconsole.so
7f3475f0d000-7f3476060000 r-xp 00000000 08:04 3433153                    /opt/ros/groovy/lib/libroscpp.so
7f3476060000-7f347625f000 ---p 00153000 08:04 3433153                    /opt/ros/groovy/lib/libroscpp.so
7f347625f000-7f3476266000 r--p 00152000 08:04 3433153                    /opt/ros/groovy/lib/libroscpp.so
7f3476266000-7f347626a000 rw-p 00159000 08:04 3433153                    /opt/ros/groovy/lib/libroscpp.so
7f347626a000-7f347626b000 rw-p 00000000 00:00 0 
7f347626b000-7f347628d000 r-xp 00000000 08:04 3570135                    /opt/ros/groovy/stacks/client_rosjava_jni/rosjava_jni/bin/librosjava.so
7f347628d000-7f347648d000 ---p 00022000 08:04 3570135                    /opt/ros/groovy/stacks/client_rosjava_jni/rosjava_jni/bin/librosjava.so
7f347648d000-7f347648e000 r--p 00022000 08:04 3570135                    /opt/ros/groovy/stacks/client_rosjava_jni/rosjava_jni/bin/librosjava.so
7f347648e000-7f347648f000 rw-p 00023000 08:04 3570135                    /opt/ros/groovy/stacks/client_rosjava_jni/rosjava_jni/bin/librosjava.so
7f347648f000-7f34764b8000 r--s 001c2000 08:04 412968                     /home/smurpheus/rosbuild_ws/stacks/knowrob/knowrob_common/lib/owlapi-bin.jar
7f34764b8000-7f3476522000 r--s 005c8000 08:04 412952                     /home/smurpheus/rosbuild_ws/stacks/knowrob/knowrob_common/lib/HermiT.jar
7f3476522000-7f347654b000 r--s 001ee000 08:04 412957                     /home/smurpheus/rosbuild_ws/stacks/knowrob/knowrob_common/lib/guava-14.0.jar
7f347654b000-7f347654c000 ---p 00000000 00:00 0 
7f347654c000-7f347664c000 rw-p 00000000 00:00 0                          [stack:24021]
7f347664c000-7f347664f000 ---p 00000000 00:00 0 
7f347664f000-7f347674d000 rw-p 00000000 00:00 0                          [stack:24020]
7f347674d000-7f3476750000 ---p 00000000 00:00 0 
7f3476750000-7f347684e000 rw-p 00000000 00:00 0                          [stack:24019]
7f347684e000-7f3476851000 ---p 00000000 00:00 0 
7f3476851000-7f347694f000 rw-p 00000000 00:00 0                          [stack:24018]
7f347694f000-7f3476952000 ---p 00000000 00:00 0 
7f3476952000-7f3476a50000 rw-p 00000000 00:00 0                          [stack:24017]
7f3476a50000-7f3476a53000 ---p 00000000 00:00 0 
7f3476a53000-7f3476b51000 rw-p 00000000 00:00 0                          [stack:24016]
7f3476b51000-7f3476b54000 ---p 00000000 00:00 0 
7f3476b54000-7f3476c52000 rw-p 00000000 00:00 0                          [stack:24015]
7f3476c52000-7f3476c53000 ---p 00000000 00:00 0 
7f3476c53000-7f3477d31000 rw-p 00000000 00:00 0                          [stack:24014]
7f3477d31000-7f3477eed000 r--s 039b2000 08:04 3948526                    /opt/Oracle_Java/jdk1.7.0_45/jre/lib/rt.jar
7f3477eed000-7f347c677000 rw-p 00000000 00:00 0 
7f347c677000-7f347c678000 ---p 00000000 00:00 0 
7f347c678000-7f347c778000 rw-p 00000000 00:00 0                          [stack:24013]
7f347c778000-7f347c779000 ---p 00000000 00:00 0 
7f347c779000-7f347c879000 rw-p 00000000 00:00 0                          [stack:24012]
7f347c879000-7f347c87a000 ---p 00000000 00:00 0 
7f347c87a000-7f347c97a000 rw-p 00000000 00:00 0                          [stack:24011]
7f347c97a000-7f347c97b000 ---p 00000000 00:00 0 
7f347c97b000-7f347ca9e000 rw-p 00000000 00:00 0                          [stack:24010]
7f347ca9e000-7f347cd26000 rw-p 00000000 00:00 0 
7f347cd26000-7f347cd31000 rw-p 00000000 00:00 0 
7f347cd31000-7f347cd4f000 rw-p 00000000 00:00 0 
7f347cd4f000-7f347cd72000 rw-p 00000000 00:00 0 
7f347cd72000-7f347cff9000 rw-p 00000000 00:00 0 
7f347cff9000-7f347d01f000 rw-p 00000000 00:00 0 
7f347d01f000-7f347d14f000 rw-p 00000000 00:00 0 
7f347d14f000-7f347d150000 rw-p 00000000 00:00 0 
7f347d150000-7f347d3c0000 rwxp 00000000 00:00 0 
7f347d3c0000-7f3480150000 rw-p 00000000 00:00 0 
7f3480150000-7f348016a000 r-xp 00000000 08:04 3951000                    /opt/Oracle_Java/jdk1.7.0_45/jre/lib/amd64/libzip.so
7f348016a000-7f348036a000 ---p 0001a000 08:04 3951000                    /opt/Oracle_Java/jdk1.7.0_45/jre/lib/amd64/libzip.so
7f348036a000-7f348036b000 rw-p 0001a000 08:04 3951000                    /opt/Oracle_Java/jdk1.7.0_45/jre/lib/amd64/libzip.so
7f348036b000-7f3480377000 r-xp 00000000 08:04 2765613                    /lib/x86_64-linux-gnu/libnss_files-2.15.so
7f3480377000-7f3480576000 ---p 0000c000 08:04 2765613                    /lib/x86_64-linux-gnu/libnss_files-2.15.so
7f3480576000-7f3480577000 r--p 0000b000 08:04 2765613                    /lib/x86_64-linux-gnu/libnss_files-2.15.so
7f3480577000-7f3480578000 rw-p 0000c000 08:04 2765613                    /lib/x86_64-linux-gnu/libnss_files-2.15.so
7f3480578000-7f3480582000 r-xp 00000000 08:04 2765617                    /lib/x86_64-linux-gnu/libnss_nis-2.15.so
7f3480582000-7f3480782000 ---p 0000a000 08:04 2765617                    /lib/x86_64-linux-gnu/libnss_nis-2.15.so
7f3480782000-7f3480783000 r--p 0000a000 08:04 2765617                    /lib/x86_64-linux-gnu/libnss_nis-2.15.so
7f3480783000-7f3480784000 rw-p 0000b000 08:04 2765617                    /lib/x86_64-linux-gnu/libnss_nis-2.15.so
7f3480784000-7f348079b000 r-xp 00000000 08:04 2765629                    /lib/x86_64-linux-gnu/libnsl-2.15.so
7f348079b000-7f348099a000 ---p 00017000 08:04 2765629                    /lib/x86_64-linux-gnu/libnsl-2.15.so
7f348099a000-7f348099b000 r--p 00016000 08:04 2765629                    /lib/x86_64-linux-gnu/libnsl-2.15.so
7f348099b000-7f348099c000 rw-p 00017000 08:04 2765629                    /lib/x86_64-linux-gnu/libnsl-2.15.so
7f348099c000-7f348099e000 rw-p 00000000 00:00 0 
7f348099e000-7f34809a6000 r-xp 00000000 08:04 2765611                    /lib/x86_64-linux-gnu/libnss_compat-2.15.so
7f34809a6000-7f3480ba5000 ---p 00008000 08:04 2765611                    /lib/x86_64-linux-gnu/libnss_compat-2.15.so
7f3480ba5000-7f3480ba6000 r--p 00007000 08:04 2765611                    /lib/x86_64-linux-gnu/libnss_compat-2.15.so
7f3480ba6000-7f3480ba7000 rw-p 00008000 08:04 2765611                    /lib/x86_64-linux-gnu/libnss_compat-2.15.so
7f3480ba7000-7f3480bb0000 r-xp 00000000 08:04 2765610                    /lib/x86_64-linux-gnu/libcrypt-2.15.so
7f3480bb0000-7f3480db0000 ---p 00009000 08:04 2765610                    /lib/x86_64-linux-gnu/libcrypt-2.15.so
7f3480db0000-7f3480db1000 r--p 00009000 08:04 2765610                    /lib/x86_64-linux-gnu/libcrypt-2.15.so
7f3480db1000-7f3480db2000 rw-p 0000a000 08:04 2765610                    /lib/x86_64-linux-gnu/libcrypt-2.15.so
7f3480db2000-7f3480de0000 rw-p 00000000 00:00 0 
7f3480de0000-7f3480de4000 r-xp 00000000 08:04 144508                     /usr/lib/swi-prolog/lib/amd64/crypt.so
7f3480de4000-7f3480fe3000 ---p 00004000 08:04 144508                     /usr/lib/swi-prolog/lib/amd64/crypt.so
7f3480fe3000-7f3480fe4000 r--p 00003000 08:04 144508                     /usr/lib/swi-prolog/lib/amd64/crypt.so
7f3480fe4000-7f3480fe5000 rw-p 00004000 08:04 144508                     /usr/lib/swi-prolog/lib/amd64/crypt.so
7f3480fe5000-7f3480fed000 r-xp 00000000 08:04 4726572                    /usr/lib/x86_64-linux-gnu/libltdl.so.7.3.0
7f3480fed000-7f34811ed000 ---p 00008000 08:04 4726572                    /usr/lib/x86_64-linux-gnu/libltdl.so.7.3.0
7f34811ed000-7f34811ee000 r--p 00008000 08:04 4726572                    /usr/lib/x86_64-linux-gnu/libltdl.so.7.3.0
7f34811ee000-7f34811ef000 rw-p 00009000 08:04 4726572                    /usr/lib/x86_64-linux-gnu/libltdl.so.7.3.0
7f34811ef000-7f348124e000 r-xp 00000000 08:04 4732367                    /usr/lib/x86_64-linux-gnu/libodbc.so.1.0.0
7f348124e000-7f348144d000 ---p 0005f000 08:04 4732367                    /usr/lib/x86_64-linux-gnu/libodbc.so.1.0.0
7f348144d000-7f348144e000 r--p 0005e000 08:04 4732367                    /usr/lib/x86_64-linux-gnu/libodbc.so.1.0.0
7f348144e000-7f3481455000 rw-p 0005f000 08:04 4732367                    /usr/lib/x86_64-linux-gnu/libodbc.so.1.0.0
7f3481455000-7f3481456000 rw-p 00000000 00:00 0 
7f3481456000-7f3481463000 r-xp 00000000 08:04 150412                     /usr/lib/swi-prolog/lib/amd64/odbc4pl.so
7f3481463000-7f3481662000 ---p 0000d000 08:04 150412                     /usr/lib/swi-prolog/lib/amd64/odbc4pl.so
7f3481662000-7f3481663000 r--p 0000c000 08:04 150412                     /usr/lib/swi-prolog/lib/amd64/odbc4pl.so
7f3481663000-7f3481664000 rw-p 0000d000 08:04 150412                     /usr/lib/swi-prolog/lib/amd64/odbc4pl.so
7f3481664000-7f348166b000 r-xp 00000000 08:04 144496                     /usr/lib/swi-prolog/lib/amd64/socket.so
7f348166b000-7f348186a000 ---p 00007000 08:04 144496                     /usr/lib/swi-prolog/lib/amd64/socket.so
7f348186a000-7f348186b000 r--p 00006000 08:04 144496                     /usr/lib/swi-prolog/lib/amd64/socket.so
7f348186b000-7f348186c000 rw-p 00007000 08:04 144496                     /usr/lib/swi-prolog/lib/amd64/socket.so
7f348186c000-7f348188e000 r-xp 00000000 08:04 144491                     /usr/lib/swi-prolog/lib/amd64/rdf_db.so
7f348188e000-7f3481a8d000 ---p 00022000 08:04 144491                     /usr/lib/swi-prolog/lib/amd64/rdf_db.so
7f3481a8d000-7f3481a8e000 r--p 00021000 08:04 144491                     /usr/lib/swi-prolog/lib/amd64/rdf_db.so
7f3481a8e000-7f3481a8f000 rw-p 00022000 08:04 144491                     /usr/lib/swi-prolog/lib/amd64/rdf_db.so
7f3481a8f000-7f3481a94000 r-xp 00000000 08:04 144509                     /usr/lib/swi-prolog/lib/amd64/uri.so
7f3481a94000-7f3481c94000 ---p 00005000 08:04 144509                     /usr/lib/swi-prolog/lib/amd64/uri.so
7f3481c94000-7f3481c95000 r--p 00005000 08:04 144509                     /usr/lib/swi-prolog/lib/amd64/uri.so
7f3481c95000-7f3481c96000 rw-p 00006000 08:04 144509                     /usr/lib/swi-prolog/lib/amd64/uri.so
7f3481c96000-7f3481cb7000 r-xp 00000000 08:04 144500                     /usr/lib/swi-prolog/lib/amd64/sgml2pl.so
7f3481cb7000-7f3481eb6000 ---p 00021000 08:04 144500                     /usr/lib/swi-prolog/lib/amd64/sgml2pl.so
7f3481eb6000-7f3481eb7000 r--p 00020000 08:04 144500                     /usr/lib/swi-prolog/lib/amd64/sgml2pl.so
7f3481eb7000-7f3481eb8000 rw-p 00021000 08:04 144500                     /usr/lib/swi-prolog/lib/amd64/sgml2pl.so
7f3481eb8000-7f3482a1a000 r-xp 00000000 08:04 3950980                    /opt/Oracle_Java/jdk1.7.0_45/jre/lib/amd64/server/libjvm.so
7f3482a1a000-7f3482c1a000 ---p 00b62000 08:04 3950980                    /opt/Oracle_Java/jdk1.7.0_45/jre/lib/amd64/server/libjvm.so
7f3482c1a000-7f3482cdd000 rw-p 00b62000 08:04 3950980                    /opt/Oracle_Java/jdk1.7.0_45/jre/lib/amd64/server/libjvm.so
7f3482cdd000-7f3482d1e000 rw-p 00000000 00:00 0 
7f3482d1e000-7f3482d2b000 r-xp 00000000 08:04 3950774                    /opt/Oracle_Java/jdk1.7.0_45/jre/lib/amd64/libverify.so
7f3482d2b000-7f3482f2a000 ---p 0000d000 08:04 3950774                    /opt/Oracle_Java/jdk1.7.0_45/jre/lib/amd64/libverify.so
7f3482f2a000-7f3482f2c000 rw-p 0000c000 08:04 3950774                    /opt/Oracle_Java/jdk1.7.0_45/jre/lib/amd64/libverify.so
7f3482f2c000-7f3482f55000 r-xp 00000000 08:04 3950919                    /opt/Oracle_Java/jdk1.7.0_45/jre/lib/amd64/libjava.so
7f3482f55000-7f3483155000 ---p 00029000 08:04 3950919                    /opt/Oracle_Java/jdk1.7.0_45/jre/lib/amd64/libjava.so
7f3483155000-7f3483157000 rw-p 00029000 08:04 3950919                    /opt/Oracle_Java/jdk1.7.0_45/jre/lib/amd64/libjava.so
7f3483157000-7f348316b000 r-xp 00000000 08:04 680410                     /home/smurpheus/rosbuild_ws/stacks/knowrob/3rdparty/jpl/prolog/libjpl.so
7f348316b000-7f348336b000 ---p 00014000 08:04 680410                     /home/smurpheus/rosbuild_ws/stacks/knowrob/3rdparty/jpl/prolog/libjpl.so
7f348336b000-7f348336c000 rw-p 00014000 08:04 680410                     /home/smurpheus/rosbuild_ws/stacks/knowrob/3rdparty/jpl/prolog/libjpl.so
7f348336c000-7f348336d000 r-xp 00000000 08:04 144510                     /usr/lib/swi-prolog/lib/amd64/readutil.so
7f348336d000-7f348356d000 ---p 00001000 08:04 144510                     /usr/lib/swi-prolog/lib/amd64/readutil.so
7f348356d000-7f348356e000 r--p 00001000 08:04 144510                     /usr/lib/swi-prolog/lib/amd64/readutil.so
7f348356e000-7f348356f000 rw-p 00002000 08:04 144510                     /usr/lib/swi-prolog/lib/amd64/readutil.so
7f348356f000-7f3483574000 r-xp 00000000 08:04 144499                     /usr/lib/swi-prolog/lib/amd64/process.so
7f3483574000-7f3483773000 ---p 00005000 08:04 144499                     /usr/lib/swi-prolog/lib/amd64/process.so
7f3483773000-7f3483774000 r--p 00004000 08:04 144499                     /usr/lib/swi-prolog/lib/amd64/process.so
7f3483774000-7f3483775000 rw-p 00005000 08:04 144499                     /usr/lib/swi-prolog/lib/amd64/process.so
7f3483775000-7f348422e000 r--p 00000000 08:04 4725474                    /usr/lib/locale/locale-archive
7f348422e000-7f34843e3000 r-xp 00000000 08:04 2765609                    /lib/x86_64-linux-gnu/libc-2.15.so
7f34843e3000-7f34845e3000 ---p 001b5000 08:04 2765609                    /lib/x86_64-linux-gnu/libc-2.15.so
7f34845e3000-7f34845e7000 r--p 001b5000 08:04 2765609                    /lib/x86_64-linux-gnu/libc-2.15.so
7f34845e7000-7f34845e9000 rw-p 001b9000 08:04 2765609                    /lib/x86_64-linux-gnu/libc-2.15.so
7f34845e9000-7f34845ee000 rw-p 00000000 00:00 0 
7f34845ee000-7f3484606000 r-xp 00000000 08:04 2765618                    /lib/x86_64-linux-gnu/libpthread-2.15.so
7f3484606000-7f3484805000 ---p 00018000 08:04 2765618                    /lib/x86_64-linux-gnu/libpthread-2.15.so
7f3484805000-7f3484806000 r--p 00017000 08:04 2765618                    /lib/x86_64-linux-gnu/libpthread-2.15.so
7f3484806000-7f3484807000 rw-p 00018000 08:04 2765618                    /lib/x86_64-linux-gnu/libpthread-2.15.so
7f3484807000-7f348480b000 rw-p 00000000 00:00 0 
7f348480b000-7f348480d000 r-xp 00000000 08:04 2765624                    /lib/x86_64-linux-gnu/libdl-2.15.so
7f348480d000-7f3484a0d000 ---p 00002000 08:04 2765624                    /lib/x86_64-linux-gnu/libdl-2.15.so
7f3484a0d000-7f3484a0e000 r--p 00002000 08:04 2765624                    /lib/x86_64-linux-gnu/libdl-2.15.so
7f3484a0e000-7f3484a0f000 rw-p 00003000 08:04 2765624                    /lib/x86_64-linux-gnu/libdl-2.15.so
7f3484a0f000-7f3484b0a000 r-xp 00000000 08:04 2765620                    /lib/x86_64-linux-gnu/libm-2.15.so
7f3484b0a000-7f3484d09000 ---p 000fb000 08:04 2765620                    /lib/x86_64-linux-gnu/libm-2.15.so
7f3484d09000-7f3484d0a000 r--p 000fa000 08:04 2765620                    /lib/x86_64-linux-gnu/libm-2.15.so
7f3484d0a000-7f3484d0b000 rw-p 000fb000 08:04 2765620                    /lib/x86_64-linux-gnu/libm-2.15.so
7f3484d0b000-7f3484d2d000 r-xp 00000000 08:04 2756421                    /lib/x86_64-linux-gnu/libtinfo.so.5.9
7f3484d2d000-7f3484f2d000 ---p 00022000 08:04 2756421                    /lib/x86_64-linux-gnu/libtinfo.so.5.9
7f3484f2d000-7f3484f31000 r--p 00022000 08:04 2756421                    /lib/x86_64-linux-gnu/libtinfo.so.5.9
7f3484f31000-7f3484f32000 rw-p 00026000 08:04 2756421                    /lib/x86_64-linux-gnu/libtinfo.so.5.9
7f3484f32000-7f3484f6b000 r-xp 00000000 08:04 2756407                    /lib/x86_64-linux-gnu/libreadline.so.6.2
7f3484f6b000-7f348516b000 ---p 00039000 08:04 2756407                    /lib/x86_64-linux-gnu/libreadline.so.6.2
7f348516b000-7f348516d000 r--p 00039000 08:04 2756407                    /lib/x86_64-linux-gnu/libreadline.so.6.2
7f348516d000-7f3485173000 rw-p 0003b000 08:04 2756407                    /lib/x86_64-linux-gnu/libreadline.so.6.2
7f3485173000-7f3485174000 rw-p 00000000 00:00 0 
7f3485174000-7f348517b000 r-xp 00000000 08:04 2765616                    /lib/x86_64-linux-gnu/librt-2.15.so
7f348517b000-7f348537a000 ---p 00007000 08:04 2765616                    /lib/x86_64-linux-gnu/librt-2.15.so
7f348537a000-7f348537b000 r--p 00006000 08:04 2765616                    /lib/x86_64-linux-gnu/librt-2.15.so
7f348537b000-7f348537c000 rw-p 00007000 08:04 2765616                    /lib/x86_64-linux-gnu/librt-2.15.so
7f348537c000-7f34853e2000 r-xp 00000000 08:04 4726436                    /usr/lib/x86_64-linux-gnu/libgmp.so.10.0.2
7f34853e2000-7f34855e1000 ---p 00066000 08:04 4726436                    /usr/lib/x86_64-linux-gnu/libgmp.so.10.0.2
7f34855e1000-7f34855e2000 r--p 00065000 08:04 4726436                    /usr/lib/x86_64-linux-gnu/libgmp.so.10.0.2
7f34855e2000-7f34855ea000 rw-p 00066000 08:04 4726436                    /usr/lib/x86_64-linux-gnu/libgmp.so.10.0.2
7f34855ea000-7f34856d9000 r-xp 00000000 08:04 4749102                    /usr/lib/libswipl.so.5.10.4
7f34856d9000-7f34858d9000 ---p 000ef000 08:04 4749102                    /usr/lib/libswipl.so.5.10.4
7f34858d9000-7f34858e9000 r--p 000ef000 08:04 4749102                    /usr/lib/libswipl.so.5.10.4
7f34858e9000-7f34858ec000 rw-p 000ff000 08:04 4749102                    /usr/lib/libswipl.so.5.10.4
7f34858ec000-7f34858f0000 rw-p 00000000 00:00 0 
7f34858f0000-7f3485912000 r-xp 00000000 08:04 2765621                    /lib/x86_64-linux-gnu/ld-2.15.so
7f3485916000-7f3485999000 rw-p 00000000 00:00 0 
7f3485999000-7f3485a4f000 rw-p 00000000 00:00 0 
7f3485a53000-7f3485a55000 rw-p 00000000 00:00 0 
7f3485a55000-7f3485a59000 r--s 0008a000 08:04 3949985                    /opt/Oracle_Java/jdk1.7.0_45/jre/lib/jsse.jar
7f3485a59000-7f3485a63000 rw-p 00000000 00:00 0 
7f3485a63000-7f3485a6a000 r--s 0003c000 08:04 412971                     /home/smurpheus/rosbuild_ws/stacks/knowrob/knowrob_common/lib/snakeyaml/snakeyaml-1.11.jar
7f3485a6a000-7f3485a6f000 r--s 00028000 08:04 412965                     /home/smurpheus/rosbuild_ws/stacks/knowrob/knowrob_common/lib/httpcomponents-client/httpcore-4.1.jar
7f3485a6f000-7f3485a77000 r--s 0004e000 08:04 412963                     /home/smurpheus/rosbuild_ws/stacks/knowrob/knowrob_common/lib/httpcomponents-client/httpclient-4.1.1.jar
7f3485a77000-7f3485a82000 rw-p 00000000 00:00 0 
7f3485a82000-7f3485aa0000 rw-p 00000000 00:00 0 
7f3485aa0000-7f3485ac4000 rw-p 00000000 00:00 0 
7f3485ac4000-7f3485ac6000 r--s 00005000 08:04 412967                     /home/smurpheus/rosbuild_ws/stacks/knowrob/knowrob_common/lib/httpcomponents-client/httpmime-4.1.1.jar
7f3485ac6000-7f3485ac8000 r--s 00018000 08:04 412964                     /home/smurpheus/rosbuild_ws/stacks/knowrob/knowrob_common/lib/httpcomponents-client/httpclient-cache-4.1.1.jar
7f3485ac8000-7f3485aca000 r--s 0000d000 08:04 412961                     /home/smurpheus/rosbuild_ws/stacks/knowrob/knowrob_common/lib/httpcomponents-client/commons-codec-1.4.jar
7f3485aca000-7f3485acc000 r--s 0004c000 08:04 412972                     /home/smurpheus/rosbuild_ws/stacks/knowrob/knowrob_common/lib/vecmath.jar
7f3485acc000-7f3485ad1000 r--s 0003d000 08:04 412955                     /home/smurpheus/rosbuild_ws/stacks/knowrob/knowrob_common/lib/commons-net-3.0.1.jar
7f3485ad1000-7f3485ad3000 r--s 0000d000 08:04 412954                     /home/smurpheus/rosbuild_ws/stacks/knowrob/knowrob_common/lib/commons-logging-1.1.1.jar
7f3485ad3000-7f3485ad8000 r--s 00041000 08:04 412953                     /home/smurpheus/rosbuild_ws/stacks/knowrob/knowrob_common/lib/commons-lang-2.6.jar
7f3485ad8000-7f3485ada000 r--s 00006000 08:04 675250                     /home/smurpheus/rosbuild_ws/stacks/knowrob/3rdparty/jpl/jpl/jpl.jar
7f3485ada000-7f3485ae2000 rw-s 00000000 08:04 682568                     /tmp/hsperfdata_smurpheus/23893
7f3485ae2000-7f3485ae9000 r--s 00000000 08:04 140580                     /usr/lib/x86_64-linux-gnu/gconv/gconv-modules.cache
7f3485ae9000-7f3485af0000 rw-p 00000000 00:00 0 
7f3485af0000-7f3485af2000 r--s 00006000 08:04 680407                     /home/smurpheus/rosbuild_ws/stacks/knowrob/3rdparty/jpl/prolog/jpl.jar
7f3485af2000-7f3485af3000 rw-p 00000000 00:00 0 
7f3485af3000-7f3485af4000 ---p 00000000 00:00 0 
7f3485af4000-7f3485af5000 rw-p 00000000 00:00 0 
7f3485af5000-7f3485b10000 r--s 00000000 08:04 4749106                    /usr/lib/swi-prolog/boot64.prc
7f3485b10000-7f3485b12000 rw-p 00000000 00:00 0 
7f3485b12000-7f3485b13000 r--p 00022000 08:04 2765621                    /lib/x86_64-linux-gnu/ld-2.15.so
7f3485b13000-7f3485b15000 rw-p 00023000 08:04 2765621                    /lib/x86_64-linux-gnu/ld-2.15.so
7fff3f778000-7fff3f77b000 ---p 00000000 00:00 0 
7fff3f77c000-7fff3f878000 rw-p 00000000 00:00 0                          [stack]
7fff3f989000-7fff3f98b000 r-xp 00000000 00:00 0                          [vdso]
ffffffffff600000-ffffffffff601000 r-xp 00000000 00:00 0                  [vsyscall]

VM Arguments:
jvm_args: -Xmx2048M 
java_command: <unknown>
Launcher Type: generic

Environment Variables:
JAVA_HOME=/opt/Oracle_Java/jdk1.7.0_45/
PATH=/home/smurpheus/suturo_ws/devel/bin:/opt/ros/groovy/bin:/usr/local/texlive/2013/bin/x86_64-linux:/usr/lib/lightdm/lightdm:/usr/local/sbin:/usr/local/bin:/usr/sbin:/usr/bin:/sbin:/bin:/usr/games
LD_LIBRARY_PATH=/opt/ros/groovy/stacks/client_rosjava_jni/rosjava_jni/bin:/home/smurpheus/rosbuild_ws/stacks/knowrob/3rdparty/jpl/jpl:/opt/ros/groovy/stacks/client_rosjava_jni/rosjava_jni/bin:/home/smurpheus/suturo_ws/devel/lib:/opt/ros/groovy/lib:/usr/lib/swi-prolog/lib/amd64
LD_PRELOAD=libswipl.so
SHELL=/bin/bash
DISPLAY=:0

Signal Handlers:
SIGSEGV: [libjvm.so+0x9935b0], sa_mask[0]=0x7ffbfeff, sa_flags=0x10000004
SIGBUS: [libjvm.so+0x9935b0], sa_mask[0]=0x7ffbfeff, sa_flags=0x10000004
SIGFPE: [libjvm.so+0x810330], sa_mask[0]=0x7ffbfeff, sa_flags=0x10000004
SIGPIPE: SIG_IGN, sa_mask[0]=0x00001000, sa_flags=0x10000000
SIGXFSZ: [libjvm.so+0x810330], sa_mask[0]=0x7ffbfeff, sa_flags=0x10000004
SIGILL: [libjvm.so+0x810330], sa_mask[0]=0x7ffbfeff, sa_flags=0x10000004
SIGUSR1: SIG_DFL, sa_mask[0]=0x00000000, sa_flags=0x00000000
SIGUSR2: [libjvm.so+0x811820], sa_mask[0]=0x00000000, sa_flags=0x10000004
SIGHUP: [libjvm.so+0x812790], sa_mask[0]=0x7ffbfeff, sa_flags=0x10000004
SIGINT: [swipl+0x658a0], sa_mask[0]=0x00000000, sa_flags=0x00000000
SIGTERM: [swipl+0x658a0], sa_mask[0]=0x00000000, sa_flags=0x00000000
SIGQUIT: [swipl+0x658a0], sa_mask[0]=0x00000000, sa_flags=0x00000000


---------------  S Y S T E M  ---------------

OS:wheezy/sid

uname:Linux 3.8.0-35-generic #50~precise1-Ubuntu SMP Wed Dec 4 17:25:51 UTC 2013 x86_64
libc:glibc 2.15 NPTL 2.15 
rlimit: STACK 8192k, CORE 0k, NPROC 30310, NOFILE 4096, AS infinity
load average:5,43 6,58 7,31

/proc/meminfo:
MemTotal:        3898692 kB
MemFree:          205376 kB
Buffers:           26068 kB
Cached:           977888 kB
SwapCached:        18248 kB
Active:          2389056 kB
Inactive:        1059232 kB
Active(anon):    2211496 kB
Inactive(anon):   843152 kB
Active(file):     177560 kB
Inactive(file):   216080 kB
Unevictable:           0 kB
Mlocked:               0 kB
SwapTotal:       1682428 kB
SwapFree:        1323160 kB
Dirty:               216 kB
Writeback:             0 kB
AnonPages:       2430280 kB
Mapped:           262072 kB
Shmem:            610308 kB
Slab:             105584 kB
SReclaimable:      60272 kB
SUnreclaim:        45312 kB
KernelStack:        9184 kB
PageTables:        65468 kB
NFS_Unstable:          0 kB
Bounce:                0 kB
WritebackTmp:          0 kB
CommitLimit:     3631772 kB
Committed_AS:   10354756 kB
VmallocTotal:   34359738367 kB
VmallocUsed:      544848 kB
VmallocChunk:   34359188956 kB
HardwareCorrupted:     0 kB
AnonHugePages:         0 kB
HugePages_Total:       0
HugePages_Free:        0
HugePages_Rsvd:        0
HugePages_Surp:        0
Hugepagesize:       2048 kB
DirectMap4k:       77824 kB
DirectMap2M:     3966976 kB


CPU:total 4 (2 cores per cpu, 2 threads per core) family 6 model 42 stepping 7, cmov, cx8, fxsr, mmx, sse, sse2, sse3, ssse3, sse4.1, sse4.2, popcnt, avx, aes, ht, tsc, tscinvbit

/proc/cpuinfo:
processor	: 0
vendor_id	: GenuineIntel
cpu family	: 6
model		: 42
model name	: Intel(R) Core(TM) i5-2450M CPU @ 2.50GHz
stepping	: 7
microcode	: 0x25
cpu MHz		: 2501.000
cache size	: 3072 KB
physical id	: 0
siblings	: 4
core id		: 0
cpu cores	: 2
apicid		: 0
initial apicid	: 0
fpu		: yes
fpu_exception	: yes
cpuid level	: 13
wp		: yes
flags		: fpu vme de pse tsc msr pae mce cx8 apic sep mtrr pge mca cmov pat pse36 clflush dts acpi mmx fxsr sse sse2 ss ht tm pbe syscall nx rdtscp lm constant_tsc arch_perfmon pebs bts rep_good nopl xtopology nonstop_tsc aperfmperf eagerfpu pni pclmulqdq dtes64 monitor ds_cpl vmx est tm2 ssse3 cx16 xtpr pdcm pcid sse4_1 sse4_2 x2apic popcnt tsc_deadline_timer aes xsave avx lahf_lm ida arat epb xsaveopt pln pts dtherm tpr_shadow vnmi flexpriority ept vpid
bogomips	: 4988.67
clflush size	: 64
cache_alignment	: 64
address sizes	: 36 bits physical, 48 bits virtual
power management:

processor	: 1
vendor_id	: GenuineIntel
cpu family	: 6
model		: 42
model name	: Intel(R) Core(TM) i5-2450M CPU @ 2.50GHz
stepping	: 7
microcode	: 0x25
cpu MHz		: 2501.000
cache size	: 3072 KB
physical id	: 0
siblings	: 4
core id		: 0
cpu cores	: 2
apicid		: 1
initial apicid	: 1
fpu		: yes
fpu_exception	: yes
cpuid level	: 13
wp		: yes
flags		: fpu vme de pse tsc msr pae mce cx8 apic sep mtrr pge mca cmov pat pse36 clflush dts acpi mmx fxsr sse sse2 ss ht tm pbe syscall nx rdtscp lm constant_tsc arch_perfmon pebs bts rep_good nopl xtopology nonstop_tsc aperfmperf eagerfpu pni pclmulqdq dtes64 monitor ds_cpl vmx est tm2 ssse3 cx16 xtpr pdcm pcid sse4_1 sse4_2 x2apic popcnt tsc_deadline_timer aes xsave avx lahf_lm ida arat epb xsaveopt pln pts dtherm tpr_shadow vnmi flexpriority ept vpid
bogomips	: 4988.67
clflush size	: 64
cache_alignment	: 64
address sizes	: 36 bits physical, 48 bits virtual
power management:

processor	: 2
vendor_id	: GenuineIntel
cpu family	: 6
model		: 42
model name	: Intel(R) Core(TM) i5-2450M CPU @ 2.50GHz
stepping	: 7
microcode	: 0x25
cpu MHz		: 2501.000
cache size	: 3072 KB
physical id	: 0
siblings	: 4
core id		: 1
cpu cores	: 2
apicid		: 2
initial apicid	: 2
fpu		: yes
fpu_exception	: yes
cpuid level	: 13
wp		: yes
flags		: fpu vme de pse tsc msr pae mce cx8 apic sep mtrr pge mca cmov pat pse36 clflush dts acpi mmx fxsr sse sse2 ss ht tm pbe syscall nx rdtscp lm constant_tsc arch_perfmon pebs bts rep_good nopl xtopology nonstop_tsc aperfmperf eagerfpu pni pclmulqdq dtes64 monitor ds_cpl vmx est tm2 ssse3 cx16 xtpr pdcm pcid sse4_1 sse4_2 x2apic popcnt tsc_deadline_timer aes xsave avx lahf_lm ida arat epb xsaveopt pln pts dtherm tpr_shadow vnmi flexpriority ept vpid
bogomips	: 4988.67
clflush size	: 64
cache_alignment	: 64
address sizes	: 36 bits physical, 48 bits virtual
power management:

processor	: 3
vendor_id	: GenuineIntel
cpu family	: 6
model		: 42
model name	: Intel(R) Core(TM) i5-2450M CPU @ 2.50GHz
stepping	: 7
microcode	: 0x25
cpu MHz		: 2501.000
cache size	: 3072 KB
physical id	: 0
siblings	: 4
core id		: 1
cpu cores	: 2
apicid		: 3
initial apicid	: 3
fpu		: yes
fpu_exception	: yes
cpuid level	: 13
wp		: yes
flags		: fpu vme de pse tsc msr pae mce cx8 apic sep mtrr pge mca cmov pat pse36 clflush dts acpi mmx fxsr sse sse2 ss ht tm pbe syscall nx rdtscp lm constant_tsc arch_perfmon pebs bts rep_good nopl xtopology nonstop_tsc aperfmperf eagerfpu pni pclmulqdq dtes64 monitor ds_cpl vmx est tm2 ssse3 cx16 xtpr pdcm pcid sse4_1 sse4_2 x2apic popcnt tsc_deadline_timer aes xsave avx lahf_lm ida arat epb xsaveopt pln pts dtherm tpr_shadow vnmi flexpriority ept vpid
bogomips	: 4988.67
clflush size	: 64
cache_alignment	: 64
address sizes	: 36 bits physical, 48 bits virtual
power management:



Memory: 4k page, physical 3898692k(205376k free), swap 1682428k(1323160k free)

vm_info: Java HotSpot(TM) 64-Bit Server VM (24.45-b08) for linux-amd64 JRE (1.7.0_45-b18), built on Oct  8 2013 05:44:25 by "java_re" with gcc 4.3.0 20080428 (Red Hat 4.3.0-8)

time: Fri Jan 17 14:50:19 2014
elapsed time: 106 seconds

